<?xml version="1.0" encoding="UTF-8"?>
<coverage generated="1711293050359" clover="3.2.0">
  <project timestamp="1711293050360" name="All files">
    <metrics statements="1" coveredstatements="1" conditionals="2" coveredconditionals="2" methods="1" coveredmethods="1" elements="4" coveredelements="4" complexity="0" loc="1" ncloc="1" packages="1" files="1" classes="1"/>
    <file name="regex.js" path="C:\Users\notebook\Desktop\regex\src\regex.js">
      <metrics statements="1" coveredstatements="1" conditionals="2" coveredconditionals="2" methods="1" coveredmethods="1"/>
      <line num="3" count="13" type="cond" truecount="2" falsecount="0"/>
    </file>
  </project>
</coverage>
