{"C:\\Users\\notebook\\Desktop\\regex\\src\\regex.js": {"path":"C:\\Users\\notebook\\Desktop\\regex\\src\\regex.js","statementMap":{"0":{"start":{"line":3,"column":6},"end":{"line":3,"column":97}}},"fnMap":{"0":{"name":"(anonymous_0)","decl":{"start":{"line":2,"column":4},"end":{"line":2,"column":5}},"loc":{"start":{"line":2,"column":31},"end":{"line":4,"column":5}},"line":2}},"branchMap":{"0":{"loc":{"start":{"line":3,"column":13},"end":{"line":3,"column":96}},"type":"binary-expr","locations":[{"start":{"line":3,"column":13},"end":{"line":3,"column":68}},{"start":{"line":3,"column":72},"end":{"line":3,"column":96}}],"line":3}},"s":{"0":13},"f":{"0":13},"b":{"0":[13,7]},"_coverageSchema":"1a1c01bbd47fc00a2c39e90264f33305004495a9","hash":"653acdb73c85e75bcb3ee658410a6e4c28352dd6"}
}
